<?xml version="1.0" encoding="UTF-8"?>
<!-- Generated by org.testng.reporters.JUnitXMLReporter -->
<testsuite ignored="0" hostname="LAPTOP-PUB6F7SM" failures="1" tests="8" name="Test" time="2.074" errors="0" timestamp="2023-06-29T22:49:19 IST">
  <testcase classname="listnerUse.SampleTest3" name="TC2" time="2.019"/>
  <testcase classname="listnerUse.SampleTest3" name="TC1" time="0.002"/>
  <testcase classname="listnerUse.SampleTest3" name="TC4" time="0.001"/>
  <testcase classname="listnerUse.SampleTest3" name="TC3" time="0.002"/>
  <testcase classname="listnerUse.SampleTest2" name="TC5" time="0.0"/>
  <testcase classname="listnerUse.SampleTest2" name="TC6" time="0.001"/>
  <testcase classname="listnerUse.SampleTest2" name="TC7" time="0.002">
    <failure type="java.lang.AssertionError" message="null">
      <![CDATA[java.lang.AssertionError: null
at listnerUse.SampleTest2.TC7(SampleTest2.java:23)
at java.base/java.util.ArrayList.forEach(ArrayList.java:1511)
... Removed 29 stack frames]]>
    </failure>
  </testcase> <!-- TC7 -->
  <testcase classname="listnerUse.SampleTest2" name="TC8" time="0.0"/>
</testsuite> <!-- Test -->
