<?xml version="1.0" encoding="UTF-8"?>
<testng-results ignored="0" total="1" passed="1" failed="0" skipped="0">
  <reporter-output>
  </reporter-output>
  <suite started-at="2023-07-04T22:59:20 IST" name="Default suite" finished-at="2023-07-04T22:59:37 IST" duration-ms="16549">
    <groups>
    </groups>
    <test started-at="2023-07-04T22:59:20 IST" name="Default test" finished-at="2023-07-04T22:59:37 IST" duration-ms="16549">
      <class name="frameWork.TC14_TestNGPolicyBazar">
        <test-method is-config="true" signature="launchApplication()[pri:0, instance:frameWork.TC14_TestNGPolicyBazar@5e600dd5]" started-at="2023-07-04T22:59:20 IST" name="launchApplication" finished-at="2023-07-04T22:59:26 IST" duration-ms="5493" status="PASS">
          <reporter-output>
          </reporter-output>
        </test-method> <!-- launchApplication -->
        <test-method is-config="true" signature="loginToPolicybazar()[pri:0, instance:frameWork.TC14_TestNGPolicyBazar@5e600dd5]" started-at="2023-07-04T22:59:26 IST" name="loginToPolicybazar" finished-at="2023-07-04T22:59:29 IST" duration-ms="3337" status="PASS">
          <reporter-output>
          </reporter-output>
        </test-method> <!-- loginToPolicybazar -->
        <test-method signature="verifyUserName()[pri:0, instance:frameWork.TC14_TestNGPolicyBazar@5e600dd5]" started-at="2023-07-04T22:59:29 IST" name="verifyUserName" finished-at="2023-07-04T22:59:36 IST" duration-ms="7089" status="PASS">
          <reporter-output>
          </reporter-output>
        </test-method> <!-- verifyUserName -->
        <test-method is-config="true" signature="logoutPolicybazar()[pri:0, instance:frameWork.TC14_TestNGPolicyBazar@5e600dd5]" started-at="2023-07-04T22:59:36 IST" name="logoutPolicybazar" finished-at="2023-07-04T22:59:36 IST" duration-ms="193" status="PASS">
          <reporter-output>
          </reporter-output>
        </test-method> <!-- logoutPolicybazar -->
        <test-method is-config="true" signature="closeApplication()[pri:0, instance:frameWork.TC14_TestNGPolicyBazar@5e600dd5]" started-at="2023-07-04T22:59:36 IST" name="closeApplication" finished-at="2023-07-04T22:59:37 IST" duration-ms="402" status="PASS">
          <reporter-output>
          </reporter-output>
        </test-method> <!-- closeApplication -->
      </class> <!-- frameWork.TC14_TestNGPolicyBazar -->
    </test> <!-- Default test -->
  </suite> <!-- Default suite -->
</testng-results>
